[09-May-2016 23:28:26 Asia/Shanghai] 
[09-May-2016 23:28:26 Asia/Shanghai] count0
[09-May-2016 23:29:00 Asia/Shanghai] 
[09-May-2016 23:29:00 Asia/Shanghai] count0
[09-May-2016 23:29:36 Asia/Shanghai] 
[09-May-2016 23:29:36 Asia/Shanghai] count0
[09-May-2016 23:30:01 Asia/Shanghai] 
[09-May-2016 23:30:01 Asia/Shanghai] count0
[09-May-2016 23:30:03 Asia/Shanghai] 工业技术
[09-May-2016 23:30:03 Asia/Shanghai] count1
[09-May-2016 23:30:22 Asia/Shanghai] 数理化
[09-May-2016 23:30:22 Asia/Shanghai] count1
[09-May-2016 23:30:42 Asia/Shanghai] 工业技术
[09-May-2016 23:30:42 Asia/Shanghai] count1
[09-May-2016 23:31:51 Asia/Shanghai] 
[09-May-2016 23:31:51 Asia/Shanghai] count0
[09-May-2016 23:31:52 Asia/Shanghai] 工业技术
[09-May-2016 23:31:52 Asia/Shanghai] count1
[09-May-2016 23:38:06 Asia/Shanghai] 
[09-May-2016 23:38:06 Asia/Shanghai] count0
[09-May-2016 23:38:07 Asia/Shanghai] 工业技术
[09-May-2016 23:38:07 Asia/Shanghai] count1
[09-May-2016 23:38:13 Asia/Shanghai] 数理化
[09-May-2016 23:38:13 Asia/Shanghai] count1
[09-May-2016 23:38:15 Asia/Shanghai] 人文
[09-May-2016 23:38:15 Asia/Shanghai] count1
[09-May-2016 23:38:19 Asia/Shanghai] 工业技术
[09-May-2016 23:38:19 Asia/Shanghai] count1
[09-May-2016 23:39:27 Asia/Shanghai] 
[09-May-2016 23:39:27 Asia/Shanghai] count0
[09-May-2016 23:39:29 Asia/Shanghai] 工业技术
[09-May-2016 23:39:29 Asia/Shanghai] count1
[09-May-2016 23:39:33 Asia/Shanghai] 数理化
[09-May-2016 23:39:33 Asia/Shanghai] count1
[09-May-2016 23:39:34 Asia/Shanghai] 工业技术
[09-May-2016 23:39:34 Asia/Shanghai] count1
